<?xml version="1.0" encoding="UTF-8"?>
<!-- Generated by org.testng.reporters.JUnitXMLReporter -->
<testsuite hostname="Alis-MBP.home" ignored="2" name="Smoke Test " tests="1" failures="0" timestamp="2020-09-06T12:59:46 PDT" time="6.459" errors="0">
  <testcase name="validLogin" time="2.754" classname="com.hrms.testcases.LoginTests"/>
  <testcase name="invalidLogin" time="0.0" classname="com.hrms.testcases.LoginTests">
    <ignored/>
  </testcase> <!-- invalidLogin -->
  <testcase name="addEmp" time="0.0" classname="com.hrms.testcases.AddEmployeeTest">
    <ignored/>
  </testcase> <!-- addEmp -->
</testsuite> <!-- Smoke Test  -->
