<?xml version="1.0" encoding="UTF-8"?>
<!-- Generated by org.testng.reporters.JUnitXMLReporter -->
<testsuite hostname="Alis-MBP.home" ignored="1" name="Regression Test " tests="3" failures="0" timestamp="2020-09-06T12:28:48 PDT" time="10.462" errors="0">
  <testcase name="invalidLogin" time="0.468" classname="com.hrms.testcases.LoginTests"/>
  <testcase name="invalidLogin" time="0.426" classname="com.hrms.testcases.LoginTests"/>
  <testcase name="invalidLogin" time="1.047" classname="com.hrms.testcases.LoginTests"/>
  <testcase name="validLogin" time="0.0" classname="com.hrms.testcases.LoginTests">
    <ignored/>
  </testcase> <!-- validLogin -->
</testsuite> <!-- Regression Test  -->
